[debug] [2025-09-08T19:58:46.974Z] Checked if tokens are valid: false, expires at: 1757196229973
[debug] [2025-09-08T19:58:46.976Z] Checked if tokens are valid: false, expires at: 1757196229973
[debug] [2025-09-08T19:58:46.976Z] > refreshing access token with scopes: []
[debug] [2025-09-08T19:58:46.977Z] >>> [apiv2][query] POST https://www.googleapis.com/oauth2/v3/token [none]
[debug] [2025-09-08T19:58:46.977Z] >>> [apiv2][body] POST https://www.googleapis.com/oauth2/v3/token [omitted]
[debug] [2025-09-08T19:58:46.990Z] Checked if tokens are valid: false, expires at: 1757196229973
[debug] [2025-09-08T19:58:46.990Z] Checked if tokens are valid: false, expires at: 1757196229973
[debug] [2025-09-08T19:58:46.990Z] > refreshing access token with scopes: []
[debug] [2025-09-08T19:58:46.990Z] >>> [apiv2][query] POST https://www.googleapis.com/oauth2/v3/token [none]
[debug] [2025-09-08T19:58:46.990Z] >>> [apiv2][body] POST https://www.googleapis.com/oauth2/v3/token [omitted]
[debug] [2025-09-08T19:58:46.991Z] Checked if tokens are valid: false, expires at: 1757196229973
[debug] [2025-09-08T19:58:46.991Z] Checked if tokens are valid: false, expires at: 1757196229973
[debug] [2025-09-08T19:58:46.991Z] > refreshing access token with scopes: []
[debug] [2025-09-08T19:58:46.991Z] >>> [apiv2][query] POST https://www.googleapis.com/oauth2/v3/token [none]
[debug] [2025-09-08T19:58:46.991Z] >>> [apiv2][body] POST https://www.googleapis.com/oauth2/v3/token [omitted]
[debug] [2025-09-08T19:58:46.992Z] Checked if tokens are valid: false, expires at: 1757196229973
[debug] [2025-09-08T19:58:46.992Z] Checked if tokens are valid: false, expires at: 1757196229973
[debug] [2025-09-08T19:58:46.992Z] > refreshing access token with scopes: []
[debug] [2025-09-08T19:58:46.992Z] >>> [apiv2][query] POST https://www.googleapis.com/oauth2/v3/token [none]
[debug] [2025-09-08T19:58:46.992Z] >>> [apiv2][body] POST https://www.googleapis.com/oauth2/v3/token [omitted]
[debug] [2025-09-08T19:58:46.992Z] Checked if tokens are valid: false, expires at: 1757196229973
[debug] [2025-09-08T19:58:46.992Z] Checked if tokens are valid: false, expires at: 1757196229973
[debug] [2025-09-08T19:58:46.992Z] > refreshing access token with scopes: []
[debug] [2025-09-08T19:58:46.992Z] >>> [apiv2][query] POST https://www.googleapis.com/oauth2/v3/token [none]
[debug] [2025-09-08T19:58:46.992Z] >>> [apiv2][body] POST https://www.googleapis.com/oauth2/v3/token [omitted]
[debug] [2025-09-08T19:58:47.027Z] Checked if tokens are valid: false, expires at: 1757196229973
[debug] [2025-09-08T19:58:47.027Z] Checked if tokens are valid: false, expires at: 1757196229973
[debug] [2025-09-08T19:58:47.027Z] > refreshing access token with scopes: []
[debug] [2025-09-08T19:58:47.027Z] >>> [apiv2][query] POST https://www.googleapis.com/oauth2/v3/token [none]
[debug] [2025-09-08T19:58:47.027Z] >>> [apiv2][body] POST https://www.googleapis.com/oauth2/v3/token [omitted]
[debug] [2025-09-08T19:58:47.028Z] Checked if tokens are valid: false, expires at: 1757196229973
[debug] [2025-09-08T19:58:47.028Z] Checked if tokens are valid: false, expires at: 1757196229973
[debug] [2025-09-08T19:58:47.028Z] > refreshing access token with scopes: []
[debug] [2025-09-08T19:58:47.028Z] >>> [apiv2][query] POST https://www.googleapis.com/oauth2/v3/token [none]
[debug] [2025-09-08T19:58:47.028Z] >>> [apiv2][body] POST https://www.googleapis.com/oauth2/v3/token [omitted]
[debug] [2025-09-08T19:58:47.028Z] Checked if tokens are valid: false, expires at: 1757196229973
[debug] [2025-09-08T19:58:47.028Z] Checked if tokens are valid: false, expires at: 1757196229973
[debug] [2025-09-08T19:58:47.028Z] > refreshing access token with scopes: []
[debug] [2025-09-08T19:58:47.028Z] >>> [apiv2][query] POST https://www.googleapis.com/oauth2/v3/token [none]
[debug] [2025-09-08T19:58:47.028Z] >>> [apiv2][body] POST https://www.googleapis.com/oauth2/v3/token [omitted]
[debug] [2025-09-08T19:58:47.029Z] Checked if tokens are valid: false, expires at: 1757196229973
[debug] [2025-09-08T19:58:47.029Z] Checked if tokens are valid: false, expires at: 1757196229973
[debug] [2025-09-08T19:58:47.029Z] > refreshing access token with scopes: []
[debug] [2025-09-08T19:58:47.029Z] >>> [apiv2][query] POST https://www.googleapis.com/oauth2/v3/token [none]
[debug] [2025-09-08T19:58:47.029Z] >>> [apiv2][body] POST https://www.googleapis.com/oauth2/v3/token [omitted]
[debug] [2025-09-08T19:58:47.029Z] Checked if tokens are valid: false, expires at: 1757196229973
[debug] [2025-09-08T19:58:47.029Z] Checked if tokens are valid: false, expires at: 1757196229973
[debug] [2025-09-08T19:58:47.029Z] > refreshing access token with scopes: []
[debug] [2025-09-08T19:58:47.029Z] >>> [apiv2][query] POST https://www.googleapis.com/oauth2/v3/token [none]
[debug] [2025-09-08T19:58:47.029Z] >>> [apiv2][body] POST https://www.googleapis.com/oauth2/v3/token [omitted]
[debug] [2025-09-08T19:58:47.031Z] Checked if tokens are valid: false, expires at: 1757196229973
[debug] [2025-09-08T19:58:47.031Z] Checked if tokens are valid: false, expires at: 1757196229973
[debug] [2025-09-08T19:58:47.031Z] > refreshing access token with scopes: []
[debug] [2025-09-08T19:58:47.031Z] >>> [apiv2][query] POST https://www.googleapis.com/oauth2/v3/token [none]
[debug] [2025-09-08T19:58:47.031Z] >>> [apiv2][body] POST https://www.googleapis.com/oauth2/v3/token [omitted]
[debug] [2025-09-08T19:58:47.031Z] Checked if tokens are valid: false, expires at: 1757196229973
[debug] [2025-09-08T19:58:47.031Z] Checked if tokens are valid: false, expires at: 1757196229973
[debug] [2025-09-08T19:58:47.031Z] > refreshing access token with scopes: []
[debug] [2025-09-08T19:58:47.031Z] >>> [apiv2][query] POST https://www.googleapis.com/oauth2/v3/token [none]
[debug] [2025-09-08T19:58:47.031Z] >>> [apiv2][body] POST https://www.googleapis.com/oauth2/v3/token [omitted]
[debug] [2025-09-08T19:58:47.032Z] Checked if tokens are valid: false, expires at: 1757196229973
[debug] [2025-09-08T19:58:47.032Z] Checked if tokens are valid: false, expires at: 1757196229973
[debug] [2025-09-08T19:58:47.032Z] > refreshing access token with scopes: []
[debug] [2025-09-08T19:58:47.032Z] >>> [apiv2][query] POST https://www.googleapis.com/oauth2/v3/token [none]
[debug] [2025-09-08T19:58:47.032Z] >>> [apiv2][body] POST https://www.googleapis.com/oauth2/v3/token [omitted]
[debug] [2025-09-08T19:58:47.032Z] Checked if tokens are valid: false, expires at: 1757196229973
[debug] [2025-09-08T19:58:47.032Z] Checked if tokens are valid: false, expires at: 1757196229973
[debug] [2025-09-08T19:58:47.032Z] > refreshing access token with scopes: []
[debug] [2025-09-08T19:58:47.032Z] >>> [apiv2][query] POST https://www.googleapis.com/oauth2/v3/token [none]
[debug] [2025-09-08T19:58:47.032Z] >>> [apiv2][body] POST https://www.googleapis.com/oauth2/v3/token [omitted]
[debug] [2025-09-08T19:58:47.032Z] Checked if tokens are valid: false, expires at: 1757196229973
[debug] [2025-09-08T19:58:47.032Z] Checked if tokens are valid: false, expires at: 1757196229973
[debug] [2025-09-08T19:58:47.032Z] > refreshing access token with scopes: []
[debug] [2025-09-08T19:58:47.032Z] >>> [apiv2][query] POST https://www.googleapis.com/oauth2/v3/token [none]
[debug] [2025-09-08T19:58:47.032Z] >>> [apiv2][body] POST https://www.googleapis.com/oauth2/v3/token [omitted]
[debug] [2025-09-08T19:58:47.222Z] <<< [apiv2][status] POST https://www.googleapis.com/oauth2/v3/token 200
[debug] [2025-09-08T19:58:47.222Z] <<< [apiv2][body] POST https://www.googleapis.com/oauth2/v3/token [omitted]
[debug] [2025-09-08T19:58:47.240Z] >>> [apiv2][query] GET https://serviceusage.googleapis.com/v1/projects/fir-demo-project-adffb/services/firebaseapphosting.googleapis.com [none]
[debug] [2025-09-08T19:58:47.240Z] >>> [apiv2][(partial)header] GET https://serviceusage.googleapis.com/v1/projects/fir-demo-project-adffb/services/firebaseapphosting.googleapis.com x-goog-quota-user=projects/fir-demo-project-adffb
[debug] [2025-09-08T19:58:47.241Z] <<< [apiv2][status] POST https://www.googleapis.com/oauth2/v3/token 200
[debug] [2025-09-08T19:58:47.241Z] <<< [apiv2][body] POST https://www.googleapis.com/oauth2/v3/token [omitted]
[debug] [2025-09-08T19:58:47.254Z] >>> [apiv2][query] GET https://serviceusage.googleapis.com/v1/projects/fir-demo-project-adffb/services/firebasedataconnect.googleapis.com [none]
[debug] [2025-09-08T19:58:47.254Z] >>> [apiv2][(partial)header] GET https://serviceusage.googleapis.com/v1/projects/fir-demo-project-adffb/services/firebasedataconnect.googleapis.com x-goog-quota-user=projects/fir-demo-project-adffb
[debug] [2025-09-08T19:58:47.258Z] <<< [apiv2][status] POST https://www.googleapis.com/oauth2/v3/token 200
[debug] [2025-09-08T19:58:47.258Z] <<< [apiv2][body] POST https://www.googleapis.com/oauth2/v3/token [omitted]
[debug] [2025-09-08T19:58:47.266Z] >>> [apiv2][query] GET https://serviceusage.googleapis.com/v1/projects/fir-demo-project-adffb/services/firebaseio.com [none]
[debug] [2025-09-08T19:58:47.266Z] >>> [apiv2][(partial)header] GET https://serviceusage.googleapis.com/v1/projects/fir-demo-project-adffb/services/firebaseio.com x-goog-quota-user=projects/fir-demo-project-adffb
[debug] [2025-09-08T19:58:47.267Z] <<< [apiv2][status] POST https://www.googleapis.com/oauth2/v3/token 200
[debug] [2025-09-08T19:58:47.267Z] <<< [apiv2][body] POST https://www.googleapis.com/oauth2/v3/token [omitted]
[debug] [2025-09-08T19:58:47.275Z] >>> [apiv2][query] GET https://serviceusage.googleapis.com/v1/projects/fir-demo-project-adffb/services/firebasedataconnect.googleapis.com [none]
[debug] [2025-09-08T19:58:47.275Z] >>> [apiv2][(partial)header] GET https://serviceusage.googleapis.com/v1/projects/fir-demo-project-adffb/services/firebasedataconnect.googleapis.com x-goog-quota-user=projects/fir-demo-project-adffb
[debug] [2025-09-08T19:58:47.279Z] <<< [apiv2][status] POST https://www.googleapis.com/oauth2/v3/token 200
[debug] [2025-09-08T19:58:47.279Z] <<< [apiv2][body] POST https://www.googleapis.com/oauth2/v3/token [omitted]
[debug] [2025-09-08T19:58:47.288Z] >>> [apiv2][query] GET https://serviceusage.googleapis.com/v1/projects/fir-demo-project-adffb/services/firebasecrashlytics.googleapis.com [none]
[debug] [2025-09-08T19:58:47.288Z] >>> [apiv2][(partial)header] GET https://serviceusage.googleapis.com/v1/projects/fir-demo-project-adffb/services/firebasecrashlytics.googleapis.com x-goog-quota-user=projects/fir-demo-project-adffb
[debug] [2025-09-08T19:58:47.290Z] <<< [apiv2][status] POST https://www.googleapis.com/oauth2/v3/token 200
[debug] [2025-09-08T19:58:47.290Z] <<< [apiv2][body] POST https://www.googleapis.com/oauth2/v3/token [omitted]
[debug] [2025-09-08T19:58:47.298Z] >>> [apiv2][query] GET https://serviceusage.googleapis.com/v1/projects/fir-demo-project-adffb/services/ [none]
[debug] [2025-09-08T19:58:47.298Z] >>> [apiv2][(partial)header] GET https://serviceusage.googleapis.com/v1/projects/fir-demo-project-adffb/services/ x-goog-quota-user=projects/fir-demo-project-adffb
[debug] [2025-09-08T19:58:47.299Z] <<< [apiv2][status] POST https://www.googleapis.com/oauth2/v3/token 200
[debug] [2025-09-08T19:58:47.299Z] <<< [apiv2][body] POST https://www.googleapis.com/oauth2/v3/token [omitted]
[debug] [2025-09-08T19:58:47.308Z] >>> [apiv2][query] GET https://serviceusage.googleapis.com/v1/projects/fir-demo-project-adffb/services/firebasedataconnect.googleapis.com [none]
[debug] [2025-09-08T19:58:47.308Z] >>> [apiv2][(partial)header] GET https://serviceusage.googleapis.com/v1/projects/fir-demo-project-adffb/services/firebasedataconnect.googleapis.com x-goog-quota-user=projects/fir-demo-project-adffb
[debug] [2025-09-08T19:58:47.309Z] <<< [apiv2][status] POST https://www.googleapis.com/oauth2/v3/token 200
[debug] [2025-09-08T19:58:47.309Z] <<< [apiv2][body] POST https://www.googleapis.com/oauth2/v3/token [omitted]
[debug] [2025-09-08T19:58:47.317Z] >>> [apiv2][query] GET https://serviceusage.googleapis.com/v1/projects/fir-demo-project-adffb/services/firebasecrashlytics.googleapis.com [none]
[debug] [2025-09-08T19:58:47.317Z] >>> [apiv2][(partial)header] GET https://serviceusage.googleapis.com/v1/projects/fir-demo-project-adffb/services/firebasecrashlytics.googleapis.com x-goog-quota-user=projects/fir-demo-project-adffb
[debug] [2025-09-08T19:58:47.318Z] <<< [apiv2][status] POST https://www.googleapis.com/oauth2/v3/token 200
[debug] [2025-09-08T19:58:47.318Z] <<< [apiv2][body] POST https://www.googleapis.com/oauth2/v3/token [omitted]
[debug] [2025-09-08T19:58:47.331Z] >>> [apiv2][query] GET https://serviceusage.googleapis.com/v1/projects/fir-demo-project-adffb/services/firebaseio.com [none]
[debug] [2025-09-08T19:58:47.331Z] >>> [apiv2][(partial)header] GET https://serviceusage.googleapis.com/v1/projects/fir-demo-project-adffb/services/firebaseio.com x-goog-quota-user=projects/fir-demo-project-adffb
[debug] [2025-09-08T19:58:47.333Z] <<< [apiv2][status] POST https://www.googleapis.com/oauth2/v3/token 200
[debug] [2025-09-08T19:58:47.334Z] <<< [apiv2][body] POST https://www.googleapis.com/oauth2/v3/token [omitted]
[debug] [2025-09-08T19:58:47.352Z] >>> [apiv2][query] GET https://serviceusage.googleapis.com/v1/projects/fir-demo-project-adffb/services/ [none]
[debug] [2025-09-08T19:58:47.352Z] >>> [apiv2][(partial)header] GET https://serviceusage.googleapis.com/v1/projects/fir-demo-project-adffb/services/ x-goog-quota-user=projects/fir-demo-project-adffb
[debug] [2025-09-08T19:58:47.353Z] <<< [apiv2][status] POST https://www.googleapis.com/oauth2/v3/token 200
[debug] [2025-09-08T19:58:47.353Z] <<< [apiv2][body] POST https://www.googleapis.com/oauth2/v3/token [omitted]
[debug] [2025-09-08T19:58:47.359Z] >>> [apiv2][query] GET https://serviceusage.googleapis.com/v1/projects/fir-demo-project-adffb/services/firebaseapphosting.googleapis.com [none]
[debug] [2025-09-08T19:58:47.359Z] >>> [apiv2][(partial)header] GET https://serviceusage.googleapis.com/v1/projects/fir-demo-project-adffb/services/firebaseapphosting.googleapis.com x-goog-quota-user=projects/fir-demo-project-adffb
[debug] [2025-09-08T19:58:47.360Z] <<< [apiv2][status] POST https://www.googleapis.com/oauth2/v3/token 200
[debug] [2025-09-08T19:58:47.361Z] <<< [apiv2][body] POST https://www.googleapis.com/oauth2/v3/token [omitted]
[debug] [2025-09-08T19:58:47.371Z] >>> [apiv2][query] GET https://serviceusage.googleapis.com/v1/projects/fir-demo-project-adffb/services/firebasecrashlytics.googleapis.com [none]
[debug] [2025-09-08T19:58:47.371Z] >>> [apiv2][(partial)header] GET https://serviceusage.googleapis.com/v1/projects/fir-demo-project-adffb/services/firebasecrashlytics.googleapis.com x-goog-quota-user=projects/fir-demo-project-adffb
[debug] [2025-09-08T19:58:47.372Z] <<< [apiv2][status] POST https://www.googleapis.com/oauth2/v3/token 200
[debug] [2025-09-08T19:58:47.372Z] <<< [apiv2][body] POST https://www.googleapis.com/oauth2/v3/token [omitted]
[debug] [2025-09-08T19:58:47.384Z] >>> [apiv2][query] GET https://serviceusage.googleapis.com/v1/projects/fir-demo-project-adffb/services/firebaseapphosting.googleapis.com [none]
[debug] [2025-09-08T19:58:47.384Z] >>> [apiv2][(partial)header] GET https://serviceusage.googleapis.com/v1/projects/fir-demo-project-adffb/services/firebaseapphosting.googleapis.com x-goog-quota-user=projects/fir-demo-project-adffb
[debug] [2025-09-08T19:58:47.386Z] <<< [apiv2][status] POST https://www.googleapis.com/oauth2/v3/token 200
[debug] [2025-09-08T19:58:47.386Z] <<< [apiv2][body] POST https://www.googleapis.com/oauth2/v3/token [omitted]
[debug] [2025-09-08T19:58:47.395Z] >>> [apiv2][query] GET https://serviceusage.googleapis.com/v1/projects/fir-demo-project-adffb/services/firebaseio.com [none]
[debug] [2025-09-08T19:58:47.395Z] >>> [apiv2][(partial)header] GET https://serviceusage.googleapis.com/v1/projects/fir-demo-project-adffb/services/firebaseio.com x-goog-quota-user=projects/fir-demo-project-adffb
[debug] [2025-09-08T19:58:47.545Z] <<< [apiv2][status] POST https://www.googleapis.com/oauth2/v3/token 200
[debug] [2025-09-08T19:58:47.546Z] <<< [apiv2][body] POST https://www.googleapis.com/oauth2/v3/token [omitted]
[debug] [2025-09-08T19:58:47.562Z] >>> [apiv2][query] GET https://serviceusage.googleapis.com/v1/projects/fir-demo-project-adffb/services/ [none]
[debug] [2025-09-08T19:58:47.562Z] >>> [apiv2][(partial)header] GET https://serviceusage.googleapis.com/v1/projects/fir-demo-project-adffb/services/ x-goog-quota-user=projects/fir-demo-project-adffb
[debug] [2025-09-08T19:58:48.174Z] <<< [apiv2][status] GET https://serviceusage.googleapis.com/v1/projects/fir-demo-project-adffb/services/firebaseio.com 403
[debug] [2025-09-08T19:58:48.174Z] <<< [apiv2][body] GET https://serviceusage.googleapis.com/v1/projects/fir-demo-project-adffb/services/firebaseio.com [omitted]
[debug] [2025-09-08T19:58:48.260Z] <<< [apiv2][status] GET https://serviceusage.googleapis.com/v1/projects/fir-demo-project-adffb/services/firebaseapphosting.googleapis.com 200
[debug] [2025-09-08T19:58:48.260Z] <<< [apiv2][body] GET https://serviceusage.googleapis.com/v1/projects/fir-demo-project-adffb/services/firebaseapphosting.googleapis.com [omitted]
[debug] [2025-09-08T19:58:48.260Z] <<< [apiv2][status] GET https://serviceusage.googleapis.com/v1/projects/fir-demo-project-adffb/services/firebasedataconnect.googleapis.com 200
[debug] [2025-09-08T19:58:48.260Z] <<< [apiv2][body] GET https://serviceusage.googleapis.com/v1/projects/fir-demo-project-adffb/services/firebasedataconnect.googleapis.com [omitted]
[debug] [2025-09-08T19:58:48.287Z] <<< [apiv2][status] GET https://serviceusage.googleapis.com/v1/projects/fir-demo-project-adffb/services/firebasecrashlytics.googleapis.com 200
[debug] [2025-09-08T19:58:48.287Z] <<< [apiv2][body] GET https://serviceusage.googleapis.com/v1/projects/fir-demo-project-adffb/services/firebasecrashlytics.googleapis.com [omitted]
[debug] [2025-09-08T19:58:48.341Z] <<< [apiv2][status] GET https://serviceusage.googleapis.com/v1/projects/fir-demo-project-adffb/services/firebasecrashlytics.googleapis.com 200
[debug] [2025-09-08T19:58:48.341Z] <<< [apiv2][body] GET https://serviceusage.googleapis.com/v1/projects/fir-demo-project-adffb/services/firebasecrashlytics.googleapis.com [omitted]
[debug] [2025-09-08T19:58:48.350Z] <<< [apiv2][status] GET https://serviceusage.googleapis.com/v1/projects/fir-demo-project-adffb/services/firebasecrashlytics.googleapis.com 200
[debug] [2025-09-08T19:58:48.350Z] <<< [apiv2][body] GET https://serviceusage.googleapis.com/v1/projects/fir-demo-project-adffb/services/firebasecrashlytics.googleapis.com [omitted]
[debug] [2025-09-08T19:58:48.562Z] <<< [apiv2][status] GET https://serviceusage.googleapis.com/v1/projects/fir-demo-project-adffb/services/ 200
[debug] [2025-09-08T19:58:48.562Z] <<< [apiv2][body] GET https://serviceusage.googleapis.com/v1/projects/fir-demo-project-adffb/services/ [omitted]
[debug] [2025-09-08T19:58:48.840Z] <<< [apiv2][status] GET https://serviceusage.googleapis.com/v1/projects/fir-demo-project-adffb/services/firebaseio.com 403
[debug] [2025-09-08T19:58:48.840Z] <<< [apiv2][body] GET https://serviceusage.googleapis.com/v1/projects/fir-demo-project-adffb/services/firebaseio.com [omitted]
[debug] [2025-09-08T19:58:48.841Z] <<< [apiv2][status] GET https://serviceusage.googleapis.com/v1/projects/fir-demo-project-adffb/services/firebaseio.com 403
[debug] [2025-09-08T19:58:48.841Z] <<< [apiv2][body] GET https://serviceusage.googleapis.com/v1/projects/fir-demo-project-adffb/services/firebaseio.com [omitted]
[debug] [2025-09-08T19:58:48.918Z] <<< [apiv2][status] GET https://serviceusage.googleapis.com/v1/projects/fir-demo-project-adffb/services/ 200
[debug] [2025-09-08T19:58:48.918Z] <<< [apiv2][body] GET https://serviceusage.googleapis.com/v1/projects/fir-demo-project-adffb/services/ [omitted]
[debug] [2025-09-08T19:58:48.983Z] <<< [apiv2][status] GET https://serviceusage.googleapis.com/v1/projects/fir-demo-project-adffb/services/firebasedataconnect.googleapis.com 200
[debug] [2025-09-08T19:58:48.983Z] <<< [apiv2][body] GET https://serviceusage.googleapis.com/v1/projects/fir-demo-project-adffb/services/firebasedataconnect.googleapis.com [omitted]
[debug] [2025-09-08T19:58:49.020Z] <<< [apiv2][status] GET https://serviceusage.googleapis.com/v1/projects/fir-demo-project-adffb/services/firebasedataconnect.googleapis.com 200
[debug] [2025-09-08T19:58:49.020Z] <<< [apiv2][body] GET https://serviceusage.googleapis.com/v1/projects/fir-demo-project-adffb/services/firebasedataconnect.googleapis.com [omitted]
[debug] [2025-09-08T19:58:49.023Z] <<< [apiv2][status] GET https://serviceusage.googleapis.com/v1/projects/fir-demo-project-adffb/services/firebaseapphosting.googleapis.com 200
[debug] [2025-09-08T19:58:49.023Z] <<< [apiv2][body] GET https://serviceusage.googleapis.com/v1/projects/fir-demo-project-adffb/services/firebaseapphosting.googleapis.com [omitted]
[debug] [2025-09-08T19:58:49.027Z] > command requires scopes: ["email","openid","https://www.googleapis.com/auth/cloudplatformprojects.readonly","https://www.googleapis.com/auth/firebase","https://www.googleapis.com/auth/cloud-platform"]
[debug] [2025-09-08T19:58:49.027Z] > authorizing via signed-in user (afouadsoftwareengineer@gmail.com)
[debug] [2025-09-08T19:58:49.033Z] > command requires scopes: ["email","openid","https://www.googleapis.com/auth/cloudplatformprojects.readonly","https://www.googleapis.com/auth/firebase","https://www.googleapis.com/auth/cloud-platform"]
[debug] [2025-09-08T19:58:49.033Z] > authorizing via signed-in user (afouadsoftwareengineer@gmail.com)
[debug] [2025-09-08T19:58:49.342Z] <<< [apiv2][status] GET https://serviceusage.googleapis.com/v1/projects/fir-demo-project-adffb/services/firebaseapphosting.googleapis.com 200
[debug] [2025-09-08T19:58:49.343Z] <<< [apiv2][body] GET https://serviceusage.googleapis.com/v1/projects/fir-demo-project-adffb/services/firebaseapphosting.googleapis.com [omitted]
[debug] [2025-09-08T19:58:49.345Z] > command requires scopes: ["email","openid","https://www.googleapis.com/auth/cloudplatformprojects.readonly","https://www.googleapis.com/auth/firebase","https://www.googleapis.com/auth/cloud-platform"]
[debug] [2025-09-08T19:58:49.346Z] > authorizing via signed-in user (afouadsoftwareengineer@gmail.com)
[debug] [2025-09-08T19:58:49.350Z] > command requires scopes: ["email","openid","https://www.googleapis.com/auth/cloudplatformprojects.readonly","https://www.googleapis.com/auth/firebase","https://www.googleapis.com/auth/cloud-platform"]
[debug] [2025-09-08T19:58:49.350Z] > authorizing via signed-in user (afouadsoftwareengineer@gmail.com)
[debug] [2025-09-08T19:58:49.559Z] <<< [apiv2][status] GET https://serviceusage.googleapis.com/v1/projects/fir-demo-project-adffb/services/ 200
[debug] [2025-09-08T19:58:49.559Z] <<< [apiv2][body] GET https://serviceusage.googleapis.com/v1/projects/fir-demo-project-adffb/services/ [omitted]
